[2023-11-23 22:20:42,997][flwr][INFO] - Starting Flower simulation, config: ServerConfig(num_rounds=10, round_timeout=None)
[2023-11-23 22:20:46,545][flwr][INFO] - Flower VCE: Ray initialized with resources: {'memory': 12072826471.0, 'CPU': 8.0, 'object_store_memory': 2147483648.0, 'node:127.0.0.1': 1.0}
[2023-11-23 22:20:46,546][flwr][INFO] - Initializing global parameters
[2023-11-23 22:20:46,546][flwr][INFO] - Requesting initial parameters from one random client
[2023-11-23 22:20:48,213][flwr][INFO] - Received initial parameters from one random client
[2023-11-23 22:20:48,213][flwr][INFO] - Evaluating initial parameters
[2023-11-23 22:20:49,845][flwr][INFO] - initial parameters (loss, other metrics): 182.67763900756836, {'accuracy': 0.0976}
[2023-11-23 22:20:49,845][flwr][INFO] - FL starting
[2023-11-23 22:20:49,845][flwr][DEBUG] - fit_round 1: strategy sampled 10 clients (out of 100)
[2023-11-23 22:21:04,324][flwr][DEBUG] - fit_round 1 received 10 results and 0 failures
[2023-11-23 22:21:20,018][flwr][WARNING] - No fit_metrics_aggregation_fn provided
[2023-11-23 22:21:22,567][flwr][INFO] - fit progress: (1, 180.2432737350464, {'accuracy': 0.152}, 32.721562207999995)
[2023-11-23 22:21:22,569][flwr][INFO] - evaluate_round 1: no clients selected, cancel
[2023-11-23 22:21:22,570][flwr][DEBUG] - fit_round 2: strategy sampled 10 clients (out of 100)
[2023-11-23 22:21:51,532][flwr][DEBUG] - fit_round 2 received 10 results and 0 failures
[2023-11-23 22:22:08,696][flwr][INFO] - fit progress: (2, 173.020902633667, {'accuracy': 0.3123}, 78.851744083)
[2023-11-23 22:22:08,697][flwr][INFO] - evaluate_round 2: no clients selected, cancel
[2023-11-23 22:22:08,698][flwr][DEBUG] - fit_round 3: strategy sampled 10 clients (out of 100)
[2023-11-23 22:22:23,736][flwr][DEBUG] - fit_round 3 received 10 results and 0 failures
[2023-11-23 22:22:43,018][flwr][INFO] - fit progress: (3, 104.37832033634186, {'accuracy': 0.7094}, 113.172995208)
[2023-11-23 22:22:43,018][flwr][INFO] - evaluate_round 3: no clients selected, cancel
[2023-11-23 22:22:43,019][flwr][DEBUG] - fit_round 4: strategy sampled 10 clients (out of 100)
[2023-11-23 22:22:56,376][flwr][DEBUG] - fit_round 4 received 10 results and 0 failures
[2023-11-23 22:23:13,272][flwr][INFO] - fit progress: (4, 48.34496605396271, {'accuracy': 0.8319}, 143.427238958)
[2023-11-23 22:23:13,272][flwr][INFO] - evaluate_round 4: no clients selected, cancel
[2023-11-23 22:23:13,272][flwr][DEBUG] - fit_round 5: strategy sampled 10 clients (out of 100)
[2023-11-23 22:23:27,198][flwr][DEBUG] - fit_round 5 received 10 results and 0 failures
[2023-11-23 22:23:44,269][flwr][INFO] - fit progress: (5, 39.17766121029854, {'accuracy': 0.871}, 174.424889083)
[2023-11-23 22:23:44,269][flwr][INFO] - evaluate_round 5: no clients selected, cancel
[2023-11-23 22:23:44,270][flwr][DEBUG] - fit_round 6: strategy sampled 10 clients (out of 100)
[2023-11-23 22:23:58,195][flwr][DEBUG] - fit_round 6 received 10 results and 0 failures
[2023-11-23 22:24:16,168][flwr][INFO] - fit progress: (6, 25.998965583741665, {'accuracy': 0.9023}, 206.323685167)
[2023-11-23 22:24:16,169][flwr][INFO] - evaluate_round 6: no clients selected, cancel
[2023-11-23 22:24:16,169][flwr][DEBUG] - fit_round 7: strategy sampled 10 clients (out of 100)
[2023-11-23 22:24:31,594][flwr][DEBUG] - fit_round 7 received 10 results and 0 failures
[2023-11-23 22:24:48,794][flwr][INFO] - fit progress: (7, 19.3726998642087, {'accuracy': 0.9264}, 238.949723917)
[2023-11-23 22:24:48,794][flwr][INFO] - evaluate_round 7: no clients selected, cancel
[2023-11-23 22:24:48,794][flwr][DEBUG] - fit_round 8: strategy sampled 10 clients (out of 100)
[2023-11-23 22:25:09,335][flwr][DEBUG] - fit_round 8 received 10 results and 0 failures
[2023-11-23 22:25:26,360][flwr][INFO] - fit progress: (8, 18.473143182694912, {'accuracy': 0.9301}, 276.516474417)
[2023-11-23 22:25:26,360][flwr][INFO] - evaluate_round 8: no clients selected, cancel
[2023-11-23 22:25:26,361][flwr][DEBUG] - fit_round 9: strategy sampled 10 clients (out of 100)
[2023-11-23 22:25:39,489][flwr][DEBUG] - fit_round 9 received 10 results and 0 failures
[2023-11-23 22:25:56,907][flwr][INFO] - fit progress: (9, 14.708506955765188, {'accuracy': 0.9434}, 307.063343833)
[2023-11-23 22:25:56,907][flwr][INFO] - evaluate_round 9: no clients selected, cancel
[2023-11-23 22:25:56,907][flwr][DEBUG] - fit_round 10: strategy sampled 10 clients (out of 100)
[2023-11-23 22:26:11,082][flwr][DEBUG] - fit_round 10 received 10 results and 0 failures
[2023-11-23 22:26:28,446][flwr][INFO] - fit progress: (10, 14.09556526504457, {'accuracy': 0.943}, 338.60250575)
[2023-11-23 22:26:28,447][flwr][INFO] - evaluate_round 10: no clients selected, cancel
[2023-11-23 22:26:28,447][flwr][INFO] - FL finished in 338.603484792
[2023-11-23 22:26:28,449][flwr][INFO] - app_fit: losses_distributed []
[2023-11-23 22:26:28,449][flwr][INFO] - app_fit: metrics_distributed_fit {}
[2023-11-23 22:26:28,450][flwr][INFO] - app_fit: metrics_distributed {}
[2023-11-23 22:26:28,450][flwr][INFO] - app_fit: losses_centralized [(0, 182.67763900756836), (1, 180.2432737350464), (2, 173.020902633667), (3, 104.37832033634186), (4, 48.34496605396271), (5, 39.17766121029854), (6, 25.998965583741665), (7, 19.3726998642087), (8, 18.473143182694912), (9, 14.708506955765188), (10, 14.09556526504457)]
[2023-11-23 22:26:28,450][flwr][INFO] - app_fit: metrics_centralized {'accuracy': [(0, 0.0976), (1, 0.152), (2, 0.3123), (3, 0.7094), (4, 0.8319), (5, 0.871), (6, 0.9023), (7, 0.9264), (8, 0.9301), (9, 0.9434), (10, 0.943)]}
