[2023-11-22 15:56:38,698][flwr][INFO] - Starting Flower simulation, config: ServerConfig(num_rounds=10, round_timeout=None)
[2023-11-22 15:56:41,020][flwr][INFO] - Flower VCE: Ray initialized with resources: {'memory': 7705600000.0, 'object_store_memory': 2147483648.0, 'node:127.0.0.1': 1.0, 'CPU': 8.0, 'node:__internal_head__': 1.0}
[2023-11-22 15:56:41,020][flwr][INFO] - Flower VCE: Resources for each Virtual Client: {'num_cpus': 4, 'num_gpus': 0.0}
[2023-11-22 15:56:41,029][flwr][INFO] - Flower VCE: Creating VirtualClientEngineActorPool with 2 actors
[2023-11-22 15:56:41,029][flwr][INFO] - Initializing global parameters
[2023-11-22 15:56:41,029][flwr][INFO] - Requesting initial parameters from one random client
[2023-11-22 15:56:42,096][flwr][INFO] - Received initial parameters from one random client
[2023-11-22 15:56:42,096][flwr][INFO] - Evaluating initial parameters
[2023-11-22 15:56:42,994][flwr][INFO] - initial parameters (loss, other metrics): 182.08439350128174, {'accuracy': 0.0803}
[2023-11-22 15:56:42,994][flwr][INFO] - FL starting
[2023-11-22 15:56:42,994][flwr][DEBUG] - fit_round 1: strategy sampled 10 clients (out of 100)
[2023-11-22 15:56:51,255][flwr][DEBUG] - fit_round 1 received 10 results and 0 failures
[2023-11-22 15:56:59,501][flwr][WARNING] - No fit_metrics_aggregation_fn provided
[2023-11-22 15:57:00,236][flwr][INFO] - fit progress: (1, 179.1644480228424, {'accuracy': 0.3416}, 17.241428624999998)
[2023-11-22 15:57:00,236][flwr][INFO] - evaluate_round 1: no clients selected, cancel
[2023-11-22 15:57:00,236][flwr][DEBUG] - fit_round 2: strategy sampled 10 clients (out of 100)
[2023-11-22 15:57:08,371][flwr][DEBUG] - fit_round 2 received 10 results and 0 failures
[2023-11-22 15:57:17,665][flwr][INFO] - fit progress: (2, 164.62717866897583, {'accuracy': 0.4677}, 34.670618042)
[2023-11-22 15:57:17,666][flwr][INFO] - evaluate_round 2: no clients selected, cancel
[2023-11-22 15:57:17,666][flwr][DEBUG] - fit_round 3: strategy sampled 10 clients (out of 100)
[2023-11-22 15:57:25,626][flwr][DEBUG] - fit_round 3 received 10 results and 0 failures
[2023-11-22 15:57:34,864][flwr][INFO] - fit progress: (3, 54.633525997400284, {'accuracy': 0.8058}, 51.869799208)
[2023-11-22 15:57:34,864][flwr][INFO] - evaluate_round 3: no clients selected, cancel
[2023-11-22 15:57:34,865][flwr][DEBUG] - fit_round 4: strategy sampled 10 clients (out of 100)
[2023-11-22 15:57:42,767][flwr][DEBUG] - fit_round 4 received 10 results and 0 failures
[2023-11-22 15:57:51,706][flwr][INFO] - fit progress: (4, 42.47743843495846, {'accuracy': 0.8301}, 68.712065083)
[2023-11-22 15:57:51,706][flwr][INFO] - evaluate_round 4: no clients selected, cancel
[2023-11-22 15:57:51,706][flwr][DEBUG] - fit_round 5: strategy sampled 10 clients (out of 100)
[2023-11-22 15:57:59,409][flwr][DEBUG] - fit_round 5 received 10 results and 0 failures
[2023-11-22 15:58:07,968][flwr][INFO] - fit progress: (5, 32.30247247964144, {'accuracy': 0.8949}, 84.974189083)
[2023-11-22 15:58:07,968][flwr][INFO] - evaluate_round 5: no clients selected, cancel
[2023-11-22 15:58:07,969][flwr][DEBUG] - fit_round 6: strategy sampled 10 clients (out of 100)
[2023-11-22 15:58:16,061][flwr][DEBUG] - fit_round 6 received 10 results and 0 failures
[2023-11-22 15:58:24,545][flwr][INFO] - fit progress: (6, 26.277956150472164, {'accuracy': 0.9017}, 101.55139275)
[2023-11-22 15:58:24,546][flwr][INFO] - evaluate_round 6: no clients selected, cancel
[2023-11-22 15:58:24,546][flwr][DEBUG] - fit_round 7: strategy sampled 10 clients (out of 100)
[2023-11-22 15:58:32,085][flwr][DEBUG] - fit_round 7 received 10 results and 0 failures
[2023-11-22 15:58:40,523][flwr][INFO] - fit progress: (7, 19.64922258630395, {'accuracy': 0.9272}, 117.528811542)
[2023-11-22 15:58:40,523][flwr][INFO] - evaluate_round 7: no clients selected, cancel
[2023-11-22 15:58:40,523][flwr][DEBUG] - fit_round 8: strategy sampled 10 clients (out of 100)
[2023-11-22 15:58:47,978][flwr][DEBUG] - fit_round 8 received 10 results and 0 failures
[2023-11-22 15:58:56,374][flwr][INFO] - fit progress: (8, 17.856806619092822, {'accuracy': 0.931}, 133.38021504199997)
[2023-11-22 15:58:56,375][flwr][INFO] - evaluate_round 8: no clients selected, cancel
[2023-11-22 15:58:56,375][flwr][DEBUG] - fit_round 9: strategy sampled 10 clients (out of 100)
[2023-11-22 15:59:03,607][flwr][DEBUG] - fit_round 9 received 10 results and 0 failures
[2023-11-22 15:59:12,389][flwr][INFO] - fit progress: (9, 15.433191954158247, {'accuracy': 0.9404}, 149.395316375)
[2023-11-22 15:59:12,389][flwr][INFO] - evaluate_round 9: no clients selected, cancel
[2023-11-22 15:59:12,390][flwr][DEBUG] - fit_round 10: strategy sampled 10 clients (out of 100)
[2023-11-22 15:59:20,566][flwr][DEBUG] - fit_round 10 received 10 results and 0 failures
[2023-11-22 15:59:29,969][flwr][INFO] - fit progress: (10, 13.305383573751897, {'accuracy': 0.9461}, 166.97549224999997)
[2023-11-22 15:59:29,970][flwr][INFO] - evaluate_round 10: no clients selected, cancel
[2023-11-22 15:59:29,970][flwr][INFO] - FL finished in 166.975916958
[2023-11-22 15:59:29,970][flwr][INFO] - app_fit: losses_distributed []
[2023-11-22 15:59:29,970][flwr][INFO] - app_fit: metrics_distributed_fit {}
[2023-11-22 15:59:29,970][flwr][INFO] - app_fit: metrics_distributed {}
[2023-11-22 15:59:29,970][flwr][INFO] - app_fit: losses_centralized [(0, 182.08439350128174), (1, 179.1644480228424), (2, 164.62717866897583), (3, 54.633525997400284), (4, 42.47743843495846), (5, 32.30247247964144), (6, 26.277956150472164), (7, 19.64922258630395), (8, 17.856806619092822), (9, 15.433191954158247), (10, 13.305383573751897)]
[2023-11-22 15:59:29,970][flwr][INFO] - app_fit: metrics_centralized {'accuracy': [(0, 0.0803), (1, 0.3416), (2, 0.4677), (3, 0.8058), (4, 0.8301), (5, 0.8949), (6, 0.9017), (7, 0.9272), (8, 0.931), (9, 0.9404), (10, 0.9461)]}
