[2023-11-22 14:24:36,902][flwr][INFO] - Starting Flower simulation, config: ServerConfig(num_rounds=10, round_timeout=None)
[2023-11-22 14:24:38,917][flwr][INFO] - Flower VCE: Ray initialized with resources: {'memory': 8384974029.0, 'node:__internal_head__': 1.0, 'CPU': 8.0, 'object_store_memory': 2147483648.0, 'node:127.0.0.1': 1.0}
[2023-11-22 14:24:38,918][flwr][INFO] - Flower VCE: Resources for each Virtual Client: {'num_cpus': 4, 'num_gpus': 0.0}
[2023-11-22 14:24:38,932][flwr][INFO] - Flower VCE: Creating VirtualClientEngineActorPool with 2 actors
[2023-11-22 14:24:38,933][flwr][INFO] - Initializing global parameters
[2023-11-22 14:24:38,933][flwr][INFO] - Requesting initial parameters from one random client
[2023-11-22 14:24:40,024][flwr][INFO] - Received initial parameters from one random client
[2023-11-22 14:24:40,025][flwr][INFO] - Evaluating initial parameters
[2023-11-22 14:24:40,839][flwr][INFO] - initial parameters (loss, other metrics): 181.95838069915771, {'accuracy': 0.0982}
[2023-11-22 14:24:40,839][flwr][INFO] - FL starting
[2023-11-22 14:24:40,839][flwr][DEBUG] - fit_round 1: strategy sampled 10 clients (out of 100)
[2023-11-22 14:24:49,539][flwr][DEBUG] - fit_round 1 received 10 results and 0 failures
[2023-11-22 14:24:49,544][flwr][WARNING] - No fit_metrics_aggregation_fn provided
[2023-11-22 14:24:50,307][flwr][INFO] - fit progress: (1, 178.4884877204895, {'accuracy': 0.3049}, 9.467458)
[2023-11-22 14:24:50,307][flwr][INFO] - evaluate_round 1: no clients selected, cancel
[2023-11-22 14:24:50,307][flwr][DEBUG] - fit_round 2: strategy sampled 10 clients (out of 100)
[2023-11-22 14:24:58,582][flwr][DEBUG] - fit_round 2 received 10 results and 0 failures
[2023-11-22 14:24:59,338][flwr][INFO] - fit progress: (2, 153.72024428844452, {'accuracy': 0.5804}, 18.499254125)
[2023-11-22 14:24:59,339][flwr][INFO] - evaluate_round 2: no clients selected, cancel
[2023-11-22 14:24:59,339][flwr][DEBUG] - fit_round 3: strategy sampled 10 clients (out of 100)
[2023-11-22 14:25:06,727][flwr][DEBUG] - fit_round 3 received 10 results and 0 failures
[2023-11-22 14:25:07,471][flwr][INFO] - fit progress: (3, 51.193503975868225, {'accuracy': 0.8068}, 26.631890959)
[2023-11-22 14:25:07,471][flwr][INFO] - evaluate_round 3: no clients selected, cancel
[2023-11-22 14:25:07,471][flwr][DEBUG] - fit_round 4: strategy sampled 10 clients (out of 100)
[2023-11-22 14:25:14,920][flwr][DEBUG] - fit_round 4 received 10 results and 0 failures
[2023-11-22 14:25:15,724][flwr][INFO] - fit progress: (4, 38.833461448550224, {'accuracy': 0.8781}, 34.884596625)
[2023-11-22 14:25:15,724][flwr][INFO] - evaluate_round 4: no clients selected, cancel
[2023-11-22 14:25:15,724][flwr][DEBUG] - fit_round 5: strategy sampled 10 clients (out of 100)
[2023-11-22 14:25:23,065][flwr][DEBUG] - fit_round 5 received 10 results and 0 failures
[2023-11-22 14:25:23,828][flwr][INFO] - fit progress: (5, 28.398577243089676, {'accuracy': 0.8916}, 42.9896645)
[2023-11-22 14:25:23,829][flwr][INFO] - evaluate_round 5: no clients selected, cancel
[2023-11-22 14:25:23,829][flwr][DEBUG] - fit_round 6: strategy sampled 10 clients (out of 100)
[2023-11-22 14:25:31,285][flwr][DEBUG] - fit_round 6 received 10 results and 0 failures
[2023-11-22 14:25:32,048][flwr][INFO] - fit progress: (6, 22.70640689879656, {'accuracy': 0.9119}, 51.208809125)
[2023-11-22 14:25:32,048][flwr][INFO] - evaluate_round 6: no clients selected, cancel
[2023-11-22 14:25:32,048][flwr][DEBUG] - fit_round 7: strategy sampled 10 clients (out of 100)
[2023-11-22 14:25:39,387][flwr][DEBUG] - fit_round 7 received 10 results and 0 failures
[2023-11-22 14:25:40,126][flwr][INFO] - fit progress: (7, 17.224960496649146, {'accuracy': 0.9326}, 59.287577459000005)
[2023-11-22 14:25:40,126][flwr][INFO] - evaluate_round 7: no clients selected, cancel
[2023-11-22 14:25:40,127][flwr][DEBUG] - fit_round 8: strategy sampled 10 clients (out of 100)
[2023-11-22 14:25:47,289][flwr][DEBUG] - fit_round 8 received 10 results and 0 failures
[2023-11-22 14:25:48,059][flwr][INFO] - fit progress: (8, 16.797769712284207, {'accuracy': 0.9339}, 67.220269292)
[2023-11-22 14:25:48,059][flwr][INFO] - evaluate_round 8: no clients selected, cancel
[2023-11-22 14:25:48,059][flwr][DEBUG] - fit_round 9: strategy sampled 10 clients (out of 100)
[2023-11-22 14:25:55,494][flwr][DEBUG] - fit_round 9 received 10 results and 0 failures
[2023-11-22 14:25:56,297][flwr][INFO] - fit progress: (9, 14.071058318950236, {'accuracy': 0.9443}, 75.458057167)
[2023-11-22 14:25:56,297][flwr][INFO] - evaluate_round 9: no clients selected, cancel
[2023-11-22 14:25:56,297][flwr][DEBUG] - fit_round 10: strategy sampled 10 clients (out of 100)
[2023-11-22 14:26:03,671][flwr][DEBUG] - fit_round 10 received 10 results and 0 failures
[2023-11-22 14:26:04,485][flwr][INFO] - fit progress: (10, 13.78643059823662, {'accuracy': 0.9463}, 83.646690125)
[2023-11-22 14:26:04,485][flwr][INFO] - evaluate_round 10: no clients selected, cancel
[2023-11-22 14:26:04,485][flwr][INFO] - FL finished in 83.646910084
[2023-11-22 14:26:04,486][flwr][INFO] - app_fit: losses_distributed []
[2023-11-22 14:26:04,486][flwr][INFO] - app_fit: metrics_distributed_fit {}
[2023-11-22 14:26:04,486][flwr][INFO] - app_fit: metrics_distributed {}
[2023-11-22 14:26:04,486][flwr][INFO] - app_fit: losses_centralized [(0, 181.95838069915771), (1, 178.4884877204895), (2, 153.72024428844452), (3, 51.193503975868225), (4, 38.833461448550224), (5, 28.398577243089676), (6, 22.70640689879656), (7, 17.224960496649146), (8, 16.797769712284207), (9, 14.071058318950236), (10, 13.78643059823662)]
[2023-11-22 14:26:04,486][flwr][INFO] - app_fit: metrics_centralized {'accuracy': [(0, 0.0982), (1, 0.3049), (2, 0.5804), (3, 0.8068), (4, 0.8781), (5, 0.8916), (6, 0.9119), (7, 0.9326), (8, 0.9339), (9, 0.9443), (10, 0.9463)]}
