[2023-11-22 15:46:50,462][flwr][INFO] - Starting Flower simulation, config: ServerConfig(num_rounds=10, round_timeout=None)
[2023-11-22 15:46:52,504][flwr][INFO] - Flower VCE: Ray initialized with resources: {'memory': 8310494004.0, 'CPU': 8.0, 'node:__internal_head__': 1.0, 'node:127.0.0.1': 1.0, 'object_store_memory': 2147483648.0}
[2023-11-22 15:46:52,504][flwr][INFO] - Flower VCE: Resources for each Virtual Client: {'num_cpus': 4, 'num_gpus': 0.0}
[2023-11-22 15:46:52,517][flwr][INFO] - Flower VCE: Creating VirtualClientEngineActorPool with 2 actors
[2023-11-22 15:46:52,517][flwr][INFO] - Initializing global parameters
[2023-11-22 15:46:52,518][flwr][INFO] - Requesting initial parameters from one random client
[2023-11-22 15:46:54,219][flwr][INFO] - Received initial parameters from one random client
[2023-11-22 15:46:54,219][flwr][INFO] - Evaluating initial parameters
[2023-11-22 15:46:55,058][flwr][INFO] - initial parameters (loss, other metrics): 181.78669571876526, {'accuracy': 0.1041}
[2023-11-22 15:46:55,058][flwr][INFO] - FL starting
[2023-11-22 15:46:55,058][flwr][DEBUG] - fit_round 1: strategy sampled 10 clients (out of 100)
[2023-11-22 15:47:03,247][flwr][DEBUG] - fit_round 1 received 10 results and 0 failures
[2023-11-22 15:47:10,852][flwr][WARNING] - No fit_metrics_aggregation_fn provided
[2023-11-22 15:47:11,594][flwr][INFO] - fit progress: (1, 173.27800107002258, {'accuracy': 0.3165}, 16.53548675)
[2023-11-22 15:47:11,594][flwr][INFO] - evaluate_round 1: no clients selected, cancel
[2023-11-22 15:47:11,594][flwr][DEBUG] - fit_round 2: strategy sampled 10 clients (out of 100)
[2023-11-22 15:47:19,084][flwr][DEBUG] - fit_round 2 received 10 results and 0 failures
[2023-11-22 15:47:27,561][flwr][INFO] - fit progress: (2, 106.22459101676941, {'accuracy': 0.6144}, 32.504651958)
[2023-11-22 15:47:27,561][flwr][INFO] - evaluate_round 2: no clients selected, cancel
[2023-11-22 15:47:27,562][flwr][DEBUG] - fit_round 3: strategy sampled 10 clients (out of 100)
[2023-11-22 15:47:35,430][flwr][DEBUG] - fit_round 3 received 10 results and 0 failures
[2023-11-22 15:47:43,715][flwr][INFO] - fit progress: (3, 58.83482328057289, {'accuracy': 0.7544}, 48.660932040999995)
[2023-11-22 15:47:43,716][flwr][INFO] - evaluate_round 3: no clients selected, cancel
[2023-11-22 15:47:43,716][flwr][DEBUG] - fit_round 4: strategy sampled 10 clients (out of 100)
[2023-11-22 15:47:51,442][flwr][DEBUG] - fit_round 4 received 10 results and 0 failures
[2023-11-22 15:48:00,338][flwr][INFO] - fit progress: (4, 44.081789910793304, {'accuracy': 0.8355}, 65.284704583)
[2023-11-22 15:48:00,339][flwr][INFO] - evaluate_round 4: no clients selected, cancel
[2023-11-22 15:48:00,339][flwr][DEBUG] - fit_round 5: strategy sampled 10 clients (out of 100)
[2023-11-22 15:48:07,618][flwr][DEBUG] - fit_round 5 received 10 results and 0 failures
[2023-11-22 15:48:16,698][flwr][INFO] - fit progress: (5, 39.02095004916191, {'accuracy': 0.8589}, 81.645034208)
[2023-11-22 15:48:16,699][flwr][INFO] - evaluate_round 5: no clients selected, cancel
[2023-11-22 15:48:16,699][flwr][DEBUG] - fit_round 6: strategy sampled 10 clients (out of 100)
[2023-11-22 15:48:24,241][flwr][DEBUG] - fit_round 6 received 10 results and 0 failures
[2023-11-22 15:48:33,655][flwr][INFO] - fit progress: (6, 27.221274755895138, {'accuracy': 0.8912}, 98.601568791)
[2023-11-22 15:48:33,655][flwr][INFO] - evaluate_round 6: no clients selected, cancel
[2023-11-22 15:48:33,656][flwr][DEBUG] - fit_round 7: strategy sampled 10 clients (out of 100)
[2023-11-22 15:48:41,164][flwr][DEBUG] - fit_round 7 received 10 results and 0 failures
[2023-11-22 15:48:50,520][flwr][INFO] - fit progress: (7, 21.42456727474928, {'accuracy': 0.9189}, 115.466747583)
[2023-11-22 15:48:50,520][flwr][INFO] - evaluate_round 7: no clients selected, cancel
[2023-11-22 15:48:50,520][flwr][DEBUG] - fit_round 8: strategy sampled 10 clients (out of 100)
[2023-11-22 15:48:57,772][flwr][DEBUG] - fit_round 8 received 10 results and 0 failures
[2023-11-22 15:49:06,859][flwr][INFO] - fit progress: (8, 18.091388318687677, {'accuracy': 0.9288}, 131.805505791)
[2023-11-22 15:49:06,859][flwr][INFO] - evaluate_round 8: no clients selected, cancel
[2023-11-22 15:49:06,859][flwr][DEBUG] - fit_round 9: strategy sampled 10 clients (out of 100)
[2023-11-22 15:49:14,390][flwr][DEBUG] - fit_round 9 received 10 results and 0 failures
[2023-11-22 15:49:23,664][flwr][INFO] - fit progress: (9, 16.328793041408062, {'accuracy': 0.9348}, 148.61124116599999)
[2023-11-22 15:49:23,665][flwr][INFO] - evaluate_round 9: no clients selected, cancel
[2023-11-22 15:49:23,665][flwr][DEBUG] - fit_round 10: strategy sampled 10 clients (out of 100)
[2023-11-22 15:49:30,904][flwr][DEBUG] - fit_round 10 received 10 results and 0 failures
[2023-11-22 15:49:40,057][flwr][INFO] - fit progress: (10, 13.7596018249169, {'accuracy': 0.9465}, 165.00394425)
[2023-11-22 15:49:40,057][flwr][INFO] - evaluate_round 10: no clients selected, cancel
[2023-11-22 15:49:40,057][flwr][INFO] - FL finished in 165.004181916
[2023-11-22 15:49:40,058][flwr][INFO] - app_fit: losses_distributed []
[2023-11-22 15:49:40,058][flwr][INFO] - app_fit: metrics_distributed_fit {}
[2023-11-22 15:49:40,058][flwr][INFO] - app_fit: metrics_distributed {}
[2023-11-22 15:49:40,058][flwr][INFO] - app_fit: losses_centralized [(0, 181.78669571876526), (1, 173.27800107002258), (2, 106.22459101676941), (3, 58.83482328057289), (4, 44.081789910793304), (5, 39.02095004916191), (6, 27.221274755895138), (7, 21.42456727474928), (8, 18.091388318687677), (9, 16.328793041408062), (10, 13.7596018249169)]
[2023-11-22 15:49:40,058][flwr][INFO] - app_fit: metrics_centralized {'accuracy': [(0, 0.1041), (1, 0.3165), (2, 0.6144), (3, 0.7544), (4, 0.8355), (5, 0.8589), (6, 0.8912), (7, 0.9189), (8, 0.9288), (9, 0.9348), (10, 0.9465)]}
