[2023-11-22 00:01:45,537][flwr][INFO] - Starting Flower simulation, config: ServerConfig(num_rounds=10, round_timeout=None)
[2023-11-22 00:01:47,726][flwr][INFO] - Flower VCE: Ray initialized with resources: {'object_store_memory': 2147483648.0, 'node:__internal_head__': 1.0, 'node:127.0.0.1': 1.0, 'CPU': 8.0, 'memory': 8401208935.0}
[2023-11-22 00:01:47,726][flwr][INFO] - Flower VCE: Resources for each Virtual Client: {'num_cpus': 2, 'num_gpus': 0.0}
[2023-11-22 00:01:47,734][flwr][INFO] - Flower VCE: Creating VirtualClientEngineActorPool with 4 actors
[2023-11-22 00:01:47,735][flwr][INFO] - Initializing global parameters
[2023-11-22 00:01:47,735][flwr][INFO] - Requesting initial parameters from one random client
[2023-11-22 00:01:48,827][flwr][INFO] - Received initial parameters from one random client
[2023-11-22 00:01:48,827][flwr][INFO] - Evaluating initial parameters
[2023-11-22 00:01:49,746][flwr][INFO] - initial parameters (loss, other metrics): 181.88294911384583, {'accuracy': 0.0916}
[2023-11-22 00:01:49,746][flwr][INFO] - FL starting
[2023-11-22 00:01:49,746][flwr][DEBUG] - fit_round 1: strategy sampled 10 clients (out of 100)
[2023-11-22 00:01:55,639][flwr][DEBUG] - fit_round 1 received 10 results and 0 failures
[2023-11-22 00:01:55,644][flwr][WARNING] - No fit_metrics_aggregation_fn provided
[2023-11-22 00:01:56,489][flwr][INFO] - fit progress: (1, 177.97643280029297, {'accuracy': 0.2868}, 6.742775291)
[2023-11-22 00:01:56,489][flwr][INFO] - evaluate_round 1: no clients selected, cancel
[2023-11-22 00:01:56,489][flwr][DEBUG] - fit_round 2: strategy sampled 10 clients (out of 100)
[2023-11-22 00:02:01,750][flwr][DEBUG] - fit_round 2 received 10 results and 0 failures
[2023-11-22 00:02:02,583][flwr][INFO] - fit progress: (2, 149.4229769706726, {'accuracy': 0.5192}, 12.837429665999998)
[2023-11-22 00:02:02,583][flwr][INFO] - evaluate_round 2: no clients selected, cancel
[2023-11-22 00:02:02,583][flwr][DEBUG] - fit_round 3: strategy sampled 10 clients (out of 100)
[2023-11-22 00:02:07,672][flwr][DEBUG] - fit_round 3 received 10 results and 0 failures
[2023-11-22 00:02:08,503][flwr][INFO] - fit progress: (3, 63.32059025764465, {'accuracy': 0.7283}, 18.757244666)
[2023-11-22 00:02:08,503][flwr][INFO] - evaluate_round 3: no clients selected, cancel
[2023-11-22 00:02:08,504][flwr][DEBUG] - fit_round 4: strategy sampled 10 clients (out of 100)
[2023-11-22 00:02:13,463][flwr][DEBUG] - fit_round 4 received 10 results and 0 failures
[2023-11-22 00:02:14,325][flwr][INFO] - fit progress: (4, 47.28921601176262, {'accuracy': 0.8284}, 24.579462375)
[2023-11-22 00:02:14,325][flwr][INFO] - evaluate_round 4: no clients selected, cancel
[2023-11-22 00:02:14,326][flwr][DEBUG] - fit_round 5: strategy sampled 10 clients (out of 100)
[2023-11-22 00:02:19,952][flwr][DEBUG] - fit_round 5 received 10 results and 0 failures
[2023-11-22 00:02:20,829][flwr][INFO] - fit progress: (5, 35.862694427371025, {'accuracy': 0.8812}, 31.082898416)
[2023-11-22 00:02:20,829][flwr][INFO] - evaluate_round 5: no clients selected, cancel
[2023-11-22 00:02:20,829][flwr][DEBUG] - fit_round 6: strategy sampled 10 clients (out of 100)
[2023-11-22 00:02:26,464][flwr][DEBUG] - fit_round 6 received 10 results and 0 failures
[2023-11-22 00:02:27,335][flwr][INFO] - fit progress: (6, 26.536482758820057, {'accuracy': 0.9049}, 37.588833208)
[2023-11-22 00:02:27,335][flwr][INFO] - evaluate_round 6: no clients selected, cancel
[2023-11-22 00:02:27,335][flwr][DEBUG] - fit_round 7: strategy sampled 10 clients (out of 100)
[2023-11-22 00:02:32,524][flwr][DEBUG] - fit_round 7 received 10 results and 0 failures
[2023-11-22 00:02:33,367][flwr][INFO] - fit progress: (7, 21.36988826841116, {'accuracy': 0.9232}, 43.621545708)
[2023-11-22 00:02:33,368][flwr][INFO] - evaluate_round 7: no clients selected, cancel
[2023-11-22 00:02:33,368][flwr][DEBUG] - fit_round 8: strategy sampled 10 clients (out of 100)
[2023-11-22 00:02:38,733][flwr][DEBUG] - fit_round 8 received 10 results and 0 failures
[2023-11-22 00:02:39,625][flwr][INFO] - fit progress: (8, 17.52961330488324, {'accuracy': 0.9324}, 49.87948525)
[2023-11-22 00:02:39,626][flwr][INFO] - evaluate_round 8: no clients selected, cancel
[2023-11-22 00:02:39,626][flwr][DEBUG] - fit_round 9: strategy sampled 10 clients (out of 100)
[2023-11-22 00:02:45,286][flwr][DEBUG] - fit_round 9 received 10 results and 0 failures
[2023-11-22 00:02:46,165][flwr][INFO] - fit progress: (9, 18.406181452795863, {'accuracy': 0.931}, 56.419133708)
[2023-11-22 00:02:46,165][flwr][INFO] - evaluate_round 9: no clients selected, cancel
[2023-11-22 00:02:46,165][flwr][DEBUG] - fit_round 10: strategy sampled 10 clients (out of 100)
[2023-11-22 00:02:51,654][flwr][DEBUG] - fit_round 10 received 10 results and 0 failures
[2023-11-22 00:02:52,523][flwr][INFO] - fit progress: (10, 15.093904623761773, {'accuracy': 0.9423}, 62.776618166000006)
[2023-11-22 00:02:52,523][flwr][INFO] - evaluate_round 10: no clients selected, cancel
[2023-11-22 00:02:52,523][flwr][INFO] - FL finished in 62.776830708000006
[2023-11-22 00:02:52,523][flwr][INFO] - app_fit: losses_distributed []
[2023-11-22 00:02:52,523][flwr][INFO] - app_fit: metrics_distributed_fit {}
[2023-11-22 00:02:52,523][flwr][INFO] - app_fit: metrics_distributed {}
[2023-11-22 00:02:52,523][flwr][INFO] - app_fit: losses_centralized [(0, 181.88294911384583), (1, 177.97643280029297), (2, 149.4229769706726), (3, 63.32059025764465), (4, 47.28921601176262), (5, 35.862694427371025), (6, 26.536482758820057), (7, 21.36988826841116), (8, 17.52961330488324), (9, 18.406181452795863), (10, 15.093904623761773)]
[2023-11-22 00:02:52,523][flwr][INFO] - app_fit: metrics_centralized {'accuracy': [(0, 0.0916), (1, 0.2868), (2, 0.5192), (3, 0.7283), (4, 0.8284), (5, 0.8812), (6, 0.9049), (7, 0.9232), (8, 0.9324), (9, 0.931), (10, 0.9423)]}
