[2023-11-22 13:37:22,449][flwr][INFO] - Starting Flower simulation, config: ServerConfig(num_rounds=2, round_timeout=None)
[2023-11-22 13:37:24,693][flwr][INFO] - Flower VCE: Ray initialized with resources: {'memory': 8309152154.0, 'node:__internal_head__': 1.0, 'node:127.0.0.1': 1.0, 'object_store_memory': 2147483648.0, 'CPU': 8.0}
[2023-11-22 13:37:24,693][flwr][INFO] - Flower VCE: Resources for each Virtual Client: {'num_cpus': 4, 'num_gpus': 0.0}
[2023-11-22 13:37:24,703][flwr][INFO] - Flower VCE: Creating VirtualClientEngineActorPool with 2 actors
[2023-11-22 13:37:24,703][flwr][INFO] - Initializing global parameters
[2023-11-22 13:37:24,704][flwr][INFO] - Requesting initial parameters from one random client
[2023-11-22 13:37:25,668][flwr][INFO] - Received initial parameters from one random client
[2023-11-22 13:37:25,668][flwr][INFO] - Evaluating initial parameters
[2023-11-22 13:37:26,457][flwr][INFO] - initial parameters (loss, other metrics): 182.7212073802948, {'accuracy': 0.0628}
[2023-11-22 13:37:26,457][flwr][INFO] - FL starting
[2023-11-22 13:37:26,457][flwr][DEBUG] - fit_round 1: strategy sampled 1 clients (out of 3)
[2023-11-22 13:37:30,052][flwr][DEBUG] - fit_round 1 received 1 results and 0 failures
[2023-11-22 13:37:30,053][flwr][WARNING] - No fit_metrics_aggregation_fn provided
[2023-11-22 13:37:30,763][flwr][INFO] - fit progress: (1, 8.558361211558804, {'accuracy': 0.9663}, 4.306559583)
[2023-11-22 13:37:30,764][flwr][DEBUG] - evaluate_round 1: strategy sampled 1 clients (out of 3)
[2023-11-22 13:37:31,883][flwr][DEBUG] - evaluate_round 1 received 1 results and 0 failures
[2023-11-22 13:37:31,884][flwr][WARNING] - No evaluate_metrics_aggregation_fn provided
[2023-11-22 13:37:31,884][flwr][ERROR] - too many values to unpack (expected 2)
[2023-11-22 13:37:31,884][flwr][ERROR] - Your simulation crashed :(. This could be because of several reasons.The most common are: 
	 > Your system couldn't fit a single VirtualClient: try lowering `client_resources`.
	 > All the actors in your pool crashed. This could be because: 
		 - You clients hit an out-of-memory (OOM) error and actors couldn't recover from it. Try launching your simulation with more generous `client_resources` setting (i.e. it seems {'num_cpus': 4, 'num_gpus': 0.0} is not enough for your workload). Use fewer concurrent actors. 
		 - You were running a multi-node simulation and all worker nodes disconnected. The head node might still be alive but cannot accommodate any actor with resources: {'num_cpus': 4, 'num_gpus': 0.0}.
