[2023-11-20 12:37:57,163][flwr][INFO] - Starting Flower simulation, config: ServerConfig(num_rounds=10, round_timeout=None)
[2023-11-20 12:37:59,406][flwr][INFO] - Flower VCE: Ray initialized with resources: {'memory': 8484772250.0, 'object_store_memory': 2147483648.0, 'node:127.0.0.1': 1.0, 'CPU': 8.0, 'node:__internal_head__': 1.0}
[2023-11-20 12:37:59,407][flwr][INFO] - Flower VCE: Resources for each Virtual Client: {'num_cpus': 2, 'num_gpus': 0.0}
[2023-11-20 12:37:59,414][flwr][INFO] - Flower VCE: Creating VirtualClientEngineActorPool with 4 actors
[2023-11-20 12:37:59,414][flwr][INFO] - Initializing global parameters
[2023-11-20 12:37:59,414][flwr][INFO] - Requesting initial parameters from one random client
[2023-11-20 12:38:00,389][flwr][INFO] - Received initial parameters from one random client
[2023-11-20 12:38:00,389][flwr][INFO] - Evaluating initial parameters
[2023-11-20 12:38:01,178][flwr][INFO] - initial parameters (loss, other metrics): 182.15982341766357, {'accuracy': 0.0807}
[2023-11-20 12:38:01,178][flwr][INFO] - FL starting
[2023-11-20 12:38:01,178][flwr][DEBUG] - fit_round 1: strategy sampled 10 clients (out of 100)
[2023-11-20 12:38:14,857][flwr][DEBUG] - fit_round 1 received 10 results and 0 failures
[2023-11-20 12:38:14,862][flwr][WARNING] - No fit_metrics_aggregation_fn provided
[2023-11-20 12:38:15,636][flwr][INFO] - fit progress: (1, 180.19693756103516, {'accuracy': 0.2573}, 14.458082583)
[2023-11-20 12:38:15,636][flwr][INFO] - evaluate_round 1: no clients selected, cancel
[2023-11-20 12:38:15,637][flwr][DEBUG] - fit_round 2: strategy sampled 10 clients (out of 100)
[2023-11-20 12:38:28,787][flwr][DEBUG] - fit_round 2 received 10 results and 0 failures
[2023-11-20 12:38:29,561][flwr][INFO] - fit progress: (2, 173.77888345718384, {'accuracy': 0.4367}, 28.382895791)
[2023-11-20 12:38:29,561][flwr][INFO] - evaluate_round 2: no clients selected, cancel
[2023-11-20 12:38:29,561][flwr][DEBUG] - fit_round 3: strategy sampled 10 clients (out of 100)
[2023-11-20 12:38:42,734][flwr][DEBUG] - fit_round 3 received 10 results and 0 failures
[2023-11-20 12:38:43,505][flwr][INFO] - fit progress: (3, 104.6286268234253, {'accuracy': 0.6738}, 42.326705458000006)
[2023-11-20 12:38:43,505][flwr][INFO] - evaluate_round 3: no clients selected, cancel
[2023-11-20 12:38:43,505][flwr][DEBUG] - fit_round 4: strategy sampled 10 clients (out of 100)
[2023-11-20 12:38:56,613][flwr][DEBUG] - fit_round 4 received 10 results and 0 failures
[2023-11-20 12:38:57,385][flwr][INFO] - fit progress: (4, 50.359622836112976, {'accuracy': 0.8186}, 56.207003083000004)
[2023-11-20 12:38:57,385][flwr][INFO] - evaluate_round 4: no clients selected, cancel
[2023-11-20 12:38:57,385][flwr][DEBUG] - fit_round 5: strategy sampled 10 clients (out of 100)
[2023-11-20 12:39:10,371][flwr][DEBUG] - fit_round 5 received 10 results and 0 failures
[2023-11-20 12:39:11,155][flwr][INFO] - fit progress: (5, 37.23233562707901, {'accuracy': 0.8898}, 69.97717545799999)
[2023-11-20 12:39:11,155][flwr][INFO] - evaluate_round 5: no clients selected, cancel
[2023-11-20 12:39:11,155][flwr][DEBUG] - fit_round 6: strategy sampled 10 clients (out of 100)
[2023-11-20 12:39:24,460][flwr][DEBUG] - fit_round 6 received 10 results and 0 failures
[2023-11-20 12:39:25,221][flwr][INFO] - fit progress: (6, 22.61201237887144, {'accuracy': 0.9223}, 84.043895041)
[2023-11-20 12:39:25,222][flwr][INFO] - evaluate_round 6: no clients selected, cancel
[2023-11-20 12:39:25,222][flwr][DEBUG] - fit_round 7: strategy sampled 10 clients (out of 100)
[2023-11-20 12:39:38,451][flwr][DEBUG] - fit_round 7 received 10 results and 0 failures
[2023-11-20 12:39:39,291][flwr][INFO] - fit progress: (7, 18.160306992009282, {'accuracy': 0.9345}, 98.113746458)
[2023-11-20 12:39:39,291][flwr][INFO] - evaluate_round 7: no clients selected, cancel
[2023-11-20 12:39:39,291][flwr][DEBUG] - fit_round 8: strategy sampled 10 clients (out of 100)
[2023-11-20 12:39:54,553][flwr][DEBUG] - fit_round 8 received 10 results and 0 failures
[2023-11-20 12:39:55,380][flwr][INFO] - fit progress: (8, 15.350487334653735, {'accuracy': 0.9396}, 114.202476875)
[2023-11-20 12:39:55,380][flwr][INFO] - evaluate_round 8: no clients selected, cancel
[2023-11-20 12:39:55,380][flwr][DEBUG] - fit_round 9: strategy sampled 10 clients (out of 100)
[2023-11-20 12:40:10,699][flwr][DEBUG] - fit_round 9 received 10 results and 0 failures
[2023-11-20 12:40:11,542][flwr][INFO] - fit progress: (9, 14.097699316218495, {'accuracy': 0.9487}, 130.364379875)
[2023-11-20 12:40:11,542][flwr][INFO] - evaluate_round 9: no clients selected, cancel
[2023-11-20 12:40:11,542][flwr][DEBUG] - fit_round 10: strategy sampled 10 clients (out of 100)
[2023-11-20 12:40:25,381][flwr][DEBUG] - fit_round 10 received 10 results and 0 failures
[2023-11-20 12:40:26,200][flwr][INFO] - fit progress: (10, 12.044644599314779, {'accuracy': 0.955}, 145.023393083)
[2023-11-20 12:40:26,201][flwr][INFO] - evaluate_round 10: no clients selected, cancel
[2023-11-20 12:40:26,201][flwr][INFO] - FL finished in 145.023603541
[2023-11-20 12:40:26,201][flwr][INFO] - app_fit: losses_distributed []
[2023-11-20 12:40:26,201][flwr][INFO] - app_fit: metrics_distributed_fit {}
[2023-11-20 12:40:26,201][flwr][INFO] - app_fit: metrics_distributed {}
[2023-11-20 12:40:26,201][flwr][INFO] - app_fit: losses_centralized [(0, 182.15982341766357), (1, 180.19693756103516), (2, 173.77888345718384), (3, 104.6286268234253), (4, 50.359622836112976), (5, 37.23233562707901), (6, 22.61201237887144), (7, 18.160306992009282), (8, 15.350487334653735), (9, 14.097699316218495), (10, 12.044644599314779)]
[2023-11-20 12:40:26,201][flwr][INFO] - app_fit: metrics_centralized {'accuracy': [(0, 0.0807), (1, 0.2573), (2, 0.4367), (3, 0.6738), (4, 0.8186), (5, 0.8898), (6, 0.9223), (7, 0.9345), (8, 0.9396), (9, 0.9487), (10, 0.955)]}
