[2023-11-19 21:37:48,156][flwr][INFO] - Starting Flower simulation, config: ServerConfig(num_rounds=10, round_timeout=None)
[2023-11-19 21:37:50,336][flwr][INFO] - Flower VCE: Ray initialized with resources: {'memory': 7269661082.0, 'node:__internal_head__': 1.0, 'CPU': 8.0, 'node:127.0.0.1': 1.0, 'object_store_memory': 2147483648.0}
[2023-11-19 21:37:50,336][flwr][INFO] - Flower VCE: Resources for each Virtual Client: {'num_cpus': 2, 'num_gpus': 0.0}
[2023-11-19 21:37:50,343][flwr][INFO] - Flower VCE: Creating VirtualClientEngineActorPool with 4 actors
[2023-11-19 21:37:50,343][flwr][INFO] - Initializing global parameters
[2023-11-19 21:37:50,343][flwr][INFO] - Requesting initial parameters from one random client
[2023-11-19 21:37:51,470][flwr][INFO] - Received initial parameters from one random client
[2023-11-19 21:37:51,470][flwr][INFO] - Evaluating initial parameters
[2023-11-19 21:37:52,266][flwr][INFO] - initial parameters (loss, other metrics): 182.1278793811798, {'accuracy': 0.1134}
[2023-11-19 21:37:52,266][flwr][INFO] - FL starting
[2023-11-19 21:37:52,266][flwr][DEBUG] - fit_round 1: strategy sampled 10 clients (out of 100)
[2023-11-19 21:38:07,389][flwr][DEBUG] - fit_round 1 received 10 results and 0 failures
[2023-11-19 21:38:07,394][flwr][WARNING] - No fit_metrics_aggregation_fn provided
[2023-11-19 21:38:08,162][flwr][INFO] - fit progress: (1, 177.72259855270386, {'accuracy': 0.2154}, 15.895366458)
[2023-11-19 21:38:08,162][flwr][INFO] - evaluate_round 1: no clients selected, cancel
[2023-11-19 21:38:08,162][flwr][DEBUG] - fit_round 2: strategy sampled 10 clients (out of 100)
[2023-11-19 21:38:22,516][flwr][DEBUG] - fit_round 2 received 10 results and 0 failures
[2023-11-19 21:38:23,280][flwr][INFO] - fit progress: (2, 146.0649082660675, {'accuracy': 0.6293}, 31.01390325)
[2023-11-19 21:38:23,280][flwr][INFO] - evaluate_round 2: no clients selected, cancel
[2023-11-19 21:38:23,280][flwr][DEBUG] - fit_round 3: strategy sampled 10 clients (out of 100)
[2023-11-19 21:38:37,738][flwr][DEBUG] - fit_round 3 received 10 results and 0 failures
[2023-11-19 21:38:38,497][flwr][INFO] - fit progress: (3, 53.66208875179291, {'accuracy': 0.7985}, 46.230979041)
[2023-11-19 21:38:38,497][flwr][INFO] - evaluate_round 3: no clients selected, cancel
[2023-11-19 21:38:38,497][flwr][DEBUG] - fit_round 4: strategy sampled 10 clients (out of 100)
[2023-11-19 21:38:52,512][flwr][DEBUG] - fit_round 4 received 10 results and 0 failures
[2023-11-19 21:38:53,307][flwr][INFO] - fit progress: (4, 38.642980709671974, {'accuracy': 0.8693}, 61.0412005)
[2023-11-19 21:38:53,307][flwr][INFO] - evaluate_round 4: no clients selected, cancel
[2023-11-19 21:38:53,308][flwr][DEBUG] - fit_round 5: strategy sampled 10 clients (out of 100)
[2023-11-19 21:39:07,767][flwr][DEBUG] - fit_round 5 received 10 results and 0 failures
[2023-11-19 21:39:08,537][flwr][INFO] - fit progress: (5, 26.768978714942932, {'accuracy': 0.9034}, 76.270978583)
[2023-11-19 21:39:08,537][flwr][INFO] - evaluate_round 5: no clients selected, cancel
[2023-11-19 21:39:08,537][flwr][DEBUG] - fit_round 6: strategy sampled 10 clients (out of 100)
[2023-11-19 21:39:23,112][flwr][DEBUG] - fit_round 6 received 10 results and 0 failures
[2023-11-19 21:39:23,882][flwr][INFO] - fit progress: (6, 20.286336414515972, {'accuracy': 0.9285}, 91.615708625)
[2023-11-19 21:39:23,882][flwr][INFO] - evaluate_round 6: no clients selected, cancel
[2023-11-19 21:39:23,882][flwr][DEBUG] - fit_round 7: strategy sampled 10 clients (out of 100)
[2023-11-19 21:39:38,267][flwr][DEBUG] - fit_round 7 received 10 results and 0 failures
[2023-11-19 21:39:39,034][flwr][INFO] - fit progress: (7, 17.6444134414196, {'accuracy': 0.9355}, 106.767439291)
[2023-11-19 21:39:39,034][flwr][INFO] - evaluate_round 7: no clients selected, cancel
[2023-11-19 21:39:39,034][flwr][DEBUG] - fit_round 8: strategy sampled 10 clients (out of 100)
[2023-11-19 21:39:53,585][flwr][DEBUG] - fit_round 8 received 10 results and 0 failures
[2023-11-19 21:39:54,372][flwr][INFO] - fit progress: (8, 15.646533379331231, {'accuracy': 0.9403}, 122.106209416)
[2023-11-19 21:39:54,372][flwr][INFO] - evaluate_round 8: no clients selected, cancel
[2023-11-19 21:39:54,373][flwr][DEBUG] - fit_round 9: strategy sampled 10 clients (out of 100)
[2023-11-19 21:40:09,325][flwr][DEBUG] - fit_round 9 received 10 results and 0 failures
[2023-11-19 21:40:10,123][flwr][INFO] - fit progress: (9, 13.972906842827797, {'accuracy': 0.9446}, 137.857363208)
[2023-11-19 21:40:10,124][flwr][INFO] - evaluate_round 9: no clients selected, cancel
[2023-11-19 21:40:10,124][flwr][DEBUG] - fit_round 10: strategy sampled 10 clients (out of 100)
[2023-11-19 21:40:24,660][flwr][DEBUG] - fit_round 10 received 10 results and 0 failures
[2023-11-19 21:40:25,442][flwr][INFO] - fit progress: (10, 14.162188874557614, {'accuracy': 0.948}, 153.17556475)
[2023-11-19 21:40:25,442][flwr][INFO] - evaluate_round 10: no clients selected, cancel
[2023-11-19 21:40:25,442][flwr][INFO] - FL finished in 153.175772375
[2023-11-19 21:40:25,442][flwr][INFO] - app_fit: losses_distributed []
[2023-11-19 21:40:25,442][flwr][INFO] - app_fit: metrics_distributed_fit {}
[2023-11-19 21:40:25,442][flwr][INFO] - app_fit: metrics_distributed {}
[2023-11-19 21:40:25,442][flwr][INFO] - app_fit: losses_centralized [(0, 182.1278793811798), (1, 177.72259855270386), (2, 146.0649082660675), (3, 53.66208875179291), (4, 38.642980709671974), (5, 26.768978714942932), (6, 20.286336414515972), (7, 17.6444134414196), (8, 15.646533379331231), (9, 13.972906842827797), (10, 14.162188874557614)]
[2023-11-19 21:40:25,442][flwr][INFO] - app_fit: metrics_centralized {'accuracy': [(0, 0.1134), (1, 0.2154), (2, 0.6293), (3, 0.7985), (4, 0.8693), (5, 0.9034), (6, 0.9285), (7, 0.9355), (8, 0.9403), (9, 0.9446), (10, 0.948)]}
