[2023-11-22 00:58:52,239][flwr][INFO] - Starting Flower simulation, config: ServerConfig(num_rounds=5, round_timeout=None)
[2023-11-22 00:58:54,345][flwr][INFO] - Flower VCE: Ray initialized with resources: {'CPU': 8.0, 'node:127.0.0.1': 1.0, 'object_store_memory': 2147483648.0, 'node:__internal_head__': 1.0, 'memory': 7970976564.0}
[2023-11-22 00:58:54,345][flwr][INFO] - Flower VCE: Resources for each Virtual Client: {'num_cpus': 2, 'num_gpus': 0.0}
[2023-11-22 00:58:54,354][flwr][INFO] - Flower VCE: Creating VirtualClientEngineActorPool with 4 actors
[2023-11-22 00:58:54,355][flwr][INFO] - Initializing global parameters
[2023-11-22 00:58:54,355][flwr][INFO] - Requesting initial parameters from one random client
[2023-11-22 00:58:55,429][flwr][INFO] - Received initial parameters from one random client
[2023-11-22 00:58:55,429][flwr][INFO] - Evaluating initial parameters
[2023-11-22 00:58:56,291][flwr][INFO] - initial parameters (loss, other metrics): 183.18482661247253, {'accuracy': 0.1005}
[2023-11-22 00:58:56,291][flwr][INFO] - FL starting
[2023-11-22 00:58:56,292][flwr][DEBUG] - fit_round 1: strategy sampled 2 clients (out of 10)
[2023-11-22 00:58:59,241][flwr][DEBUG] - fit_round 1 received 2 results and 0 failures
[2023-11-22 00:58:59,243][flwr][WARNING] - No fit_metrics_aggregation_fn provided
[2023-11-22 00:59:00,072][flwr][INFO] - fit progress: (1, 15.648190634325147, {'accuracy': 0.9425}, 3.7806490420000003)
[2023-11-22 00:59:00,072][flwr][DEBUG] - evaluate_round 1: strategy sampled 9 clients (out of 10)
[2023-11-22 00:59:05,283][flwr][DEBUG] - evaluate_round 1 received 9 results and 0 failures
[2023-11-22 00:59:05,284][flwr][WARNING] - No evaluate_metrics_aggregation_fn provided
[2023-11-22 00:59:05,284][flwr][ERROR] - too many values to unpack (expected 2)
[2023-11-22 00:59:05,284][flwr][ERROR] - Your simulation crashed :(. This could be because of several reasons.The most common are: 
	 > Your system couldn't fit a single VirtualClient: try lowering `client_resources`.
	 > All the actors in your pool crashed. This could be because: 
		 - You clients hit an out-of-memory (OOM) error and actors couldn't recover from it. Try launching your simulation with more generous `client_resources` setting (i.e. it seems {'num_cpus': 2, 'num_gpus': 0.0} is not enough for your workload). Use fewer concurrent actors. 
		 - You were running a multi-node simulation and all worker nodes disconnected. The head node might still be alive but cannot accommodate any actor with resources: {'num_cpus': 2, 'num_gpus': 0.0}.
