[2023-11-22 00:33:10,363][flwr][INFO] - Starting Flower simulation, config: ServerConfig(num_rounds=5, round_timeout=None)
[2023-11-22 00:33:12,716][flwr][INFO] - Flower VCE: Ray initialized with resources: {'object_store_memory': 2147483648.0, 'node:__internal_head__': 1.0, 'node:127.0.0.1': 1.0, 'CPU': 8.0, 'memory': 7585747764.0}
[2023-11-22 00:33:12,717][flwr][INFO] - Flower VCE: Resources for each Virtual Client: {'num_cpus': 2, 'num_gpus': 0.0}
[2023-11-22 00:33:12,727][flwr][INFO] - Flower VCE: Creating VirtualClientEngineActorPool with 4 actors
[2023-11-22 00:33:12,727][flwr][INFO] - Initializing global parameters
[2023-11-22 00:33:12,727][flwr][INFO] - Requesting initial parameters from one random client
[2023-11-22 00:33:13,820][flwr][INFO] - Received initial parameters from one random client
[2023-11-22 00:33:13,820][flwr][INFO] - Evaluating initial parameters
[2023-11-22 00:33:14,627][flwr][INFO] - initial parameters (loss, other metrics): 182.00762128829956, {'accuracy': 0.1001}
[2023-11-22 00:33:14,627][flwr][INFO] - FL starting
[2023-11-22 00:33:14,627][flwr][DEBUG] - fit_round 1: strategy sampled 2 clients (out of 10)
[2023-11-22 00:33:17,364][flwr][DEBUG] - fit_round 1 received 2 results and 0 failures
[2023-11-22 00:33:17,366][flwr][WARNING] - No fit_metrics_aggregation_fn provided
[2023-11-22 00:33:18,209][flwr][INFO] - fit progress: (1, 14.744747322052717, {'accuracy': 0.943}, 3.581351166)
[2023-11-22 00:33:18,209][flwr][INFO] - evaluate_round 1: no clients selected, cancel
[2023-11-22 00:33:18,209][flwr][DEBUG] - fit_round 2: strategy sampled 2 clients (out of 10)
[2023-11-22 00:33:20,165][flwr][DEBUG] - fit_round 2 received 2 results and 0 failures
[2023-11-22 00:33:20,971][flwr][INFO] - fit progress: (2, 8.308036542730406, {'accuracy': 0.9661}, 6.343433)
[2023-11-22 00:33:20,971][flwr][INFO] - evaluate_round 2: no clients selected, cancel
[2023-11-22 00:33:20,971][flwr][DEBUG] - fit_round 3: strategy sampled 2 clients (out of 10)
[2023-11-22 00:33:22,874][flwr][DEBUG] - fit_round 3 received 2 results and 0 failures
[2023-11-22 00:33:23,890][flwr][INFO] - fit progress: (3, 7.1747830585809425, {'accuracy': 0.9723}, 9.262549499999999)
[2023-11-22 00:33:23,890][flwr][INFO] - evaluate_round 3: no clients selected, cancel
[2023-11-22 00:33:23,890][flwr][DEBUG] - fit_round 4: strategy sampled 2 clients (out of 10)
[2023-11-22 00:33:25,927][flwr][DEBUG] - fit_round 4 received 2 results and 0 failures
[2023-11-22 00:33:26,773][flwr][INFO] - fit progress: (4, 6.206654392532073, {'accuracy': 0.976}, 12.145477832999998)
[2023-11-22 00:33:26,773][flwr][INFO] - evaluate_round 4: no clients selected, cancel
[2023-11-22 00:33:26,773][flwr][DEBUG] - fit_round 5: strategy sampled 2 clients (out of 10)
[2023-11-22 00:33:28,806][flwr][DEBUG] - fit_round 5 received 2 results and 0 failures
[2023-11-22 00:33:29,718][flwr][INFO] - fit progress: (5, 5.191138053312898, {'accuracy': 0.9795}, 15.090862875)
[2023-11-22 00:33:29,718][flwr][INFO] - evaluate_round 5: no clients selected, cancel
[2023-11-22 00:33:29,719][flwr][INFO] - FL finished in 15.091065208
[2023-11-22 00:33:29,719][flwr][INFO] - app_fit: losses_distributed []
[2023-11-22 00:33:29,719][flwr][INFO] - app_fit: metrics_distributed_fit {}
[2023-11-22 00:33:29,719][flwr][INFO] - app_fit: metrics_distributed {}
[2023-11-22 00:33:29,719][flwr][INFO] - app_fit: losses_centralized [(0, 182.00762128829956), (1, 14.744747322052717), (2, 8.308036542730406), (3, 7.1747830585809425), (4, 6.206654392532073), (5, 5.191138053312898)]
[2023-11-22 00:33:29,719][flwr][INFO] - app_fit: metrics_centralized {'accuracy': [(0, 0.1001), (1, 0.943), (2, 0.9661), (3, 0.9723), (4, 0.976), (5, 0.9795)]}
